
> temp-app@0.1.0 dev
> next dev --webpack

▲ Next.js 16.2.1 (webpack)
- Local:         http://localhost:3000
- Network:       http://192.168.0.251:3000
✓ Ready in 328ms

 HEAD / 200 in 880ms (next.js: 755ms, application-code: 124ms)
 GET / 200 in 37ms (next.js: 4ms, application-code: 33ms)
 GET /about 200 in 855ms (next.js: 814ms, application-code: 41ms)
 GET /about 200 in 19ms (next.js: 3ms, application-code: 16ms)
 GET /products 200 in 469ms (next.js: 433ms, application-code: 36ms)
 GET /investment/rural-oz-boat-fund-qof-qozb 200 in 410ms (next.js: 364ms, application-code: 45ms)
 GET /licensing 200 in 364ms (next.js: 341ms, application-code: 23ms)
 GET /about 200 in 24ms (next.js: 7ms, application-code: 18ms)
 GET / 200 in 23ms (next.js: 8ms, application-code: 15ms)
 GET /about 200 in 37ms (next.js: 9ms, application-code: 28ms)
 GET /products 200 in 37ms (next.js: 15ms, application-code: 23ms)
 GET /products/medical 200 in 687ms (next.js: 653ms, application-code: 34ms)
 GET /products/medical 200 in 28ms (next.js: 1769µs, application-code: 26ms)
 GET /investment/rural-oz-boat-fund-qof-qozb 200 in 24ms (next.js: 8ms, application-code: 16ms)
 GET /contact 404 in 787ms (next.js: 634ms, application-code: 153ms)
 GET /contact 404 in 127ms (next.js: 3ms, application-code: 124ms)
 GET /about 200 in 76ms (next.js: 8ms, application-code: 68ms)
 GET / 200 in 24ms (next.js: 7ms, application-code: 17ms)
[browser] ./src/components/ui/button.tsx:2:1
Module not found: Can't resolve '@radix-ui/react-slot'
  1 | import * as React from "react"
> 2 | import { Slot } from "@radix-ui/react-slot"
    | ^
  3 | import { cva, type VariantProps } from "class-variance-authority"
  4 | import { cn } from "@/lib/utils"
  5 |

https://nextjs.org/docs/messages/module-not-found

Import trace for requested module:
./src/app/page.tsx 
[browser] ./src/components/ui/button.tsx:2:1
Module not found: Can't resolve '@radix-ui/react-slot'
  1 | import * as React from "react"
> 2 | import { Slot } from "@radix-ui/react-slot"
    | ^
  3 | import { cva, type VariantProps } from "class-variance-authority"
  4 | import { cn } from "@/lib/utils"
  5 |

https://nextjs.org/docs/messages/module-not-found

Import trace for requested module:
./src/app/page.tsx 
[browser] ./src/components/ui/button.tsx:2:1
Module not found: Can't resolve '@radix-ui/react-slot'
  1 | import * as React from "react"
> 2 | import { Slot } from "@radix-ui/react-slot"
    | ^
  3 | import { cva, type VariantProps } from "class-variance-authority"
  4 | import { cn } from "@/lib/utils"
  5 |

https://nextjs.org/docs/messages/module-not-found

Import trace for requested module:
./src/app/page.tsx 
⨯ ./src/components/ui/button.tsx:2:1
Module not found: Can't resolve '@radix-ui/react-slot'
  1 | import * as React from "react"
> 2 | import { Slot } from "@radix-ui/react-slot"
    | ^
  3 | import { cva, type VariantProps } from "class-variance-authority"
  4 | import { cn } from "@/lib/utils"
  5 |

https://nextjs.org/docs/messages/module-not-found

Import trace for requested module:
./src/app/page.tsx
[browser] ./src/components/ui/button.tsx:2:1
Module not found: Can't resolve '@radix-ui/react-slot'
  1 | import * as React from "react"
> 2 | import { Slot } from "@radix-ui/react-slot"
    | ^
  3 | import { cva, type VariantProps } from "class-variance-authority"
  4 | import { cn } from "@/lib/utils"
  5 |

https://nextjs.org/docs/messages/module-not-found

Import trace for requested module:
./src/app/page.tsx 
[browser] ./src/components/ui/button.tsx:2:1
Module not found: Can't resolve '@radix-ui/react-slot'
  1 | import * as React from "react"
> 2 | import { Slot } from "@radix-ui/react-slot"
    | ^
  3 | import { cva, type VariantProps } from "class-variance-authority"
  4 | import { cn } from "@/lib/utils"
  5 |

https://nextjs.org/docs/messages/module-not-found

Import trace for requested module:
./src/app/page.tsx 
[browser] ./src/components/ui/button.tsx:2:1
Module not found: Can't resolve '@radix-ui/react-slot'
  1 | import * as React from "react"
> 2 | import { Slot } from "@radix-ui/react-slot"
    | ^
  3 | import { cva, type VariantProps } from "class-variance-authority"
  4 | import { cn } from "@/lib/utils"
  5 |

https://nextjs.org/docs/messages/module-not-found

Import trace for requested module:
./src/app/page.tsx 
⨯ ./src/components/ui/button.tsx:2:1
Module not found: Can't resolve '@radix-ui/react-slot'
  1 | import * as React from "react"
> 2 | import { Slot } from "@radix-ui/react-slot"
    | ^
  3 | import { cva, type VariantProps } from "class-variance-authority"
  4 | import { cn } from "@/lib/utils"
  5 |

https://nextjs.org/docs/messages/module-not-found

Import trace for requested module:
./src/app/page.tsx
[browser] ./src/components/ui/button.tsx:2:1
Module not found: Can't resolve '@radix-ui/react-slot'
  1 | import * as React from "react"
> 2 | import { Slot } from "@radix-ui/react-slot"
    | ^
  3 | import { cva, type VariantProps } from "class-variance-authority"
  4 | import { cn } from "@/lib/utils"
  5 |

https://nextjs.org/docs/messages/module-not-found

Import trace for requested module:
./src/app/page.tsx 
[browser] ./src/components/ui/button.tsx:2:1
Module not found: Can't resolve '@radix-ui/react-slot'
  1 | import * as React from "react"
> 2 | import { Slot } from "@radix-ui/react-slot"
    | ^
  3 | import { cva, type VariantProps } from "class-variance-authority"
  4 | import { cn } from "@/lib/utils"
  5 |

https://nextjs.org/docs/messages/module-not-found

Import trace for requested module:
./src/app/page.tsx 
⨯ ./src/components/ui/button.tsx:2:1
Module not found: Can't resolve '@radix-ui/react-slot'
  1 | import * as React from "react"
> 2 | import { Slot } from "@radix-ui/react-slot"
    | ^
  3 | import { cva, type VariantProps } from "class-variance-authority"
  4 | import { cn } from "@/lib/utils"
  5 |

https://nextjs.org/docs/messages/module-not-found

Import trace for requested module:
./src/app/page.tsx
[browser] ./src/components/ui/button.tsx:2:1
Module not found: Can't resolve '@radix-ui/react-slot'
  1 | import * as React from "react"
> 2 | import { Slot } from "@radix-ui/react-slot"
    | ^
  3 | import { cva, type VariantProps } from "class-variance-authority"
  4 | import { cn } from "@/lib/utils"
  5 |

https://nextjs.org/docs/messages/module-not-found

Import trace for requested module:
./src/app/page.tsx 
[browser] ./src/components/ui/button.tsx:2:1
Module not found: Can't resolve '@radix-ui/react-slot'
  1 | import * as React from "react"
> 2 | import { Slot } from "@radix-ui/react-slot"
    | ^
  3 | import { cva, type VariantProps } from "class-variance-authority"
  4 | import { cn } from "@/lib/utils"
  5 |

https://nextjs.org/docs/messages/module-not-found

Import trace for requested module:
./src/app/page.tsx 
[browser] ./src/components/ui/button.tsx:2:1
Module not found: Can't resolve '@radix-ui/react-slot'
  1 | import * as React from "react"
> 2 | import { Slot } from "@radix-ui/react-slot"
    | ^
  3 | import { cva, type VariantProps } from "class-variance-authority"
  4 | import { cn } from "@/lib/utils"
  5 |

https://nextjs.org/docs/messages/module-not-found

Import trace for requested module:
./src/app/page.tsx 
⨯ ./src/components/ui/button.tsx:2:1
Module not found: Can't resolve '@radix-ui/react-slot'
  1 | import * as React from "react"
> 2 | import { Slot } from "@radix-ui/react-slot"
    | ^
  3 | import { cva, type VariantProps } from "class-variance-authority"
  4 | import { cn } from "@/lib/utils"
  5 |

https://nextjs.org/docs/messages/module-not-found

Import trace for requested module:
./src/app/page.tsx
[browser] ./src/components/ui/button.tsx:2:1
Module not found: Can't resolve '@radix-ui/react-slot'
  1 | import * as React from "react"
> 2 | import { Slot } from "@radix-ui/react-slot"
    | ^
  3 | import { cva, type VariantProps } from "class-variance-authority"
  4 | import { cn } from "@/lib/utils"
  5 |

https://nextjs.org/docs/messages/module-not-found

Import trace for requested module:
./src/app/page.tsx 
[browser] ./src/components/ui/button.tsx:2:1
Module not found: Can't resolve '@radix-ui/react-slot'
  1 | import * as React from "react"
> 2 | import { Slot } from "@radix-ui/react-slot"
    | ^
  3 | import { cva, type VariantProps } from "class-variance-authority"
  4 | import { cn } from "@/lib/utils"
  5 |

https://nextjs.org/docs/messages/module-not-found

Import trace for requested module:
./src/app/investment/rural-oz-boat-fund-qof-qozb/page.tsx 
⨯ ./src/components/ui/button.tsx:2:1
Module not found: Can't resolve '@radix-ui/react-slot'
  1 | import * as React from "react"
> 2 | import { Slot } from "@radix-ui/react-slot"
    | ^
  3 | import { cva, type VariantProps } from "class-variance-authority"
  4 | import { cn } from "@/lib/utils"
  5 |

https://nextjs.org/docs/messages/module-not-found

Import trace for requested module:
./src/app/about/page.tsx
[browser] ./src/components/ui/button.tsx:2:1
Module not found: Can't resolve '@radix-ui/react-slot'
  1 | import * as React from "react"
> 2 | import { Slot } from "@radix-ui/react-slot"
    | ^
  3 | import { cva, type VariantProps } from "class-variance-authority"
  4 | import { cn } from "@/lib/utils"
  5 |

https://nextjs.org/docs/messages/module-not-found

Import trace for requested module:
./src/app/about/page.tsx 
[browser] ./src/components/ui/button.tsx:2:1
Module not found: Can't resolve '@radix-ui/react-slot'
  1 | import * as React from "react"
> 2 | import { Slot } from "@radix-ui/react-slot"
    | ^
  3 | import { cva, type VariantProps } from "class-variance-authority"
  4 | import { cn } from "@/lib/utils"
  5 |

https://nextjs.org/docs/messages/module-not-found

Import trace for requested module:
./src/app/about/page.tsx 
[browser] ./src/components/ui/button.tsx:2:1
Module not found: Can't resolve '@radix-ui/react-slot'
  1 | import * as React from "react"
> 2 | import { Slot } from "@radix-ui/react-slot"
    | ^
  3 | import { cva, type VariantProps } from "class-variance-authority"
  4 | import { cn } from "@/lib/utils"
  5 |

https://nextjs.org/docs/messages/module-not-found

Import trace for requested module:
./src/app/investment/rural-oz-boat-fund-qof-qozb/page.tsx 
[browser] ./src/components/ui/button.tsx:2:1
Module not found: Can't resolve '@radix-ui/react-slot'
  1 | import * as React from "react"
> 2 | import { Slot } from "@radix-ui/react-slot"
    | ^
  3 | import { cva, type VariantProps } from "class-variance-authority"
  4 | import { cn } from "@/lib/utils"
  5 |

https://nextjs.org/docs/messages/module-not-found

Import trace for requested module:
./src/app/about/page.tsx 
[browser] ./src/components/ui/button.tsx:2:1
Module not found: Can't resolve '@radix-ui/react-slot'
  1 | import * as React from "react"
> 2 | import { Slot } from "@radix-ui/react-slot"
    | ^
  3 | import { cva, type VariantProps } from "class-variance-authority"
  4 | import { cn } from "@/lib/utils"
  5 |

https://nextjs.org/docs/messages/module-not-found

Import trace for requested module:
./src/app/about/page.tsx 
[browser] ./src/components/ui/button.tsx:2:1
Module not found: Can't resolve '@radix-ui/react-slot'
  1 | import * as React from "react"
> 2 | import { Slot } from "@radix-ui/react-slot"
    | ^
  3 | import { cva, type VariantProps } from "class-variance-authority"
  4 | import { cn } from "@/lib/utils"
  5 |

https://nextjs.org/docs/messages/module-not-found

Import trace for requested module:
./src/app/investment/rural-oz-boat-fund-qof-qozb/page.tsx 
⨯ ./src/components/ui/button.tsx:2:1
Module not found: Can't resolve '@radix-ui/react-slot'
  1 | import * as React from "react"
> 2 | import { Slot } from "@radix-ui/react-slot"
    | ^
  3 | import { cva, type VariantProps } from "class-variance-authority"
  4 | import { cn } from "@/lib/utils"
  5 |

https://nextjs.org/docs/messages/module-not-found

Import trace for requested module:
./src/app/about/page.tsx
 GET / 500 in 4.0s (next.js: 3.8s, application-code: 125ms)
 GET / 500 in 1349ms (next.js: 1230ms, application-code: 118ms)
[browser] Uncaught Error: Module not found: Can't resolve '@radix-ui/react-slot'
  1 | import * as React from "react"
> 2 | import { Slot } from "@radix-ui/react-slot"
    | ^
  3 | import { cva, type VariantProps } from "class-variance-authority"
  4 | import { cn } from "@/lib/utils"
  5 |

https://nextjs.org/docs/messages/module-not-found

Import trace for requested module:
./src/app/about/page.tsx
    at <unknown> (https://nextjs.org/docs/messages/module-not-found)
    at <unknown> (https://nextjs.org/docs/messages/module-not-found)
[browser] ./src/components/ui/button.tsx:2:1
Module not found: Can't resolve '@radix-ui/react-slot'
  1 | import * as React from "react"
> 2 | import { Slot } from "@radix-ui/react-slot"
    | ^
  3 | import { cva, type VariantProps } from "class-variance-authority"
  4 | import { cn } from "@/lib/utils"
  5 |

https://nextjs.org/docs/messages/module-not-found

Import trace for requested module:
./src/app/investment/rural-oz-boat-fund-qof-qozb/page.tsx 
○ Compiling /_error ...
[browser] ./src/components/ui/button.tsx:2:1
Module not found: Can't resolve '@radix-ui/react-slot'
  1 | import * as React from "react"
> 2 | import { Slot } from "@radix-ui/react-slot"
    | ^
  3 | import { cva, type VariantProps } from "class-variance-authority"
  4 | import { cn } from "@/lib/utils"
  5 |

https://nextjs.org/docs/messages/module-not-found

Import trace for requested module:
./src/app/about/page.tsx 
[browser] ./src/components/ui/button.tsx:2:1
Module not found: Can't resolve '@radix-ui/react-slot'
  1 | import * as React from "react"
> 2 | import { Slot } from "@radix-ui/react-slot"
    | ^
  3 | import { cva, type VariantProps } from "class-variance-authority"
  4 | import { cn } from "@/lib/utils"
  5 |

https://nextjs.org/docs/messages/module-not-found

Import trace for requested module:
./src/app/investment/rural-oz-boat-fund-qof-qozb/page.tsx 
⨯ ./src/components/ui/button.tsx:2:1
Module not found: Can't resolve '@radix-ui/react-slot'
  1 | import * as React from "react"
> 2 | import { Slot } from "@radix-ui/react-slot"
    | ^
  3 | import { cva, type VariantProps } from "class-variance-authority"
  4 | import { cn } from "@/lib/utils"
  5 |

https://nextjs.org/docs/messages/module-not-found

Import trace for requested module:
./src/app/about/page.tsx
[browser] ./src/components/ui/button.tsx:2:1
Module not found: Can't resolve '@radix-ui/react-slot'
  1 | import * as React from "react"
> 2 | import { Slot } from "@radix-ui/react-slot"
    | ^
  3 | import { cva, type VariantProps } from "class-variance-authority"
  4 | import { cn } from "@/lib/utils"
  5 |

https://nextjs.org/docs/messages/module-not-found

Import trace for requested module:
./src/app/about/page.tsx 
[browser] ./src/components/ui/button.tsx:2:1
Module not found: Can't resolve '@radix-ui/react-slot'
  1 | import * as React from "react"
> 2 | import { Slot } from "@radix-ui/react-slot"
    | ^
  3 | import { cva, type VariantProps } from "class-variance-authority"
  4 | import { cn } from "@/lib/utils"
  5 |

https://nextjs.org/docs/messages/module-not-found

Import trace for requested module:
./src/app/investment/rural-oz-boat-fund-qof-qozb/page.tsx 
⨯ ./src/components/ui/button.tsx:2:1
Module not found: Can't resolve '@radix-ui/react-slot'
  1 | import * as React from "react"
> 2 | import { Slot } from "@radix-ui/react-slot"
    | ^
  3 | import { cva, type VariantProps } from "class-variance-authority"
  4 | import { cn } from "@/lib/utils"
  5 |

https://nextjs.org/docs/messages/module-not-found

Import trace for requested module:
./src/app/about/page.tsx
[browser] ./src/components/ui/button.tsx:2:1
Module not found: Can't resolve '@radix-ui/react-slot'
  1 | import * as React from "react"
> 2 | import { Slot } from "@radix-ui/react-slot"
    | ^
  3 | import { cva, type VariantProps } from "class-variance-authority"
  4 | import { cn } from "@/lib/utils"
  5 |

https://nextjs.org/docs/messages/module-not-found

Import trace for requested module:
./src/app/about/page.tsx 
[browser] ./src/components/ui/button.tsx:2:1
Module not found: Can't resolve '@radix-ui/react-slot'
  1 | import * as React from "react"
> 2 | import { Slot } from "@radix-ui/react-slot"
    | ^
  3 | import { cva, type VariantProps } from "class-variance-authority"
  4 | import { cn } from "@/lib/utils"
  5 |

https://nextjs.org/docs/messages/module-not-found

Import trace for requested module:
./src/app/investment/rural-oz-boat-fund-qof-qozb/page.tsx 
⨯ ./src/components/ui/button.tsx:2:1
Module not found: Can't resolve '@radix-ui/react-slot'
  1 | import * as React from "react"
> 2 | import { Slot } from "@radix-ui/react-slot"
    | ^
  3 | import { cva, type VariantProps } from "class-variance-authority"
  4 | import { cn } from "@/lib/utils"
  5 |

https://nextjs.org/docs/messages/module-not-found

Import trace for requested module:
./src/app/about/page.tsx
 GET / 500 in 19ms (next.js: 5ms, application-code: 14ms)
[browser] Uncaught Error: Module not found: Can't resolve '@radix-ui/react-slot'
  1 | import * as React from "react"
> 2 | import { Slot } from "@radix-ui/react-slot"
    | ^
  3 | import { cva, type VariantProps } from "class-variance-authority"
  4 | import { cn } from "@/lib/utils"
  5 |

https://nextjs.org/docs/messages/module-not-found

Import trace for requested module:
./src/app/about/page.tsx
    at <unknown> (https://nextjs.org/docs/messages/module-not-found)
    at <unknown> (https://nextjs.org/docs/messages/module-not-found)
[browser] ./src/components/ui/button.tsx:2:1
Module not found: Can't resolve '@radix-ui/react-slot'
  1 | import * as React from "react"
> 2 | import { Slot } from "@radix-ui/react-slot"
    | ^
  3 | import { cva, type VariantProps } from "class-variance-authority"
  4 | import { cn } from "@/lib/utils"
  5 |

https://nextjs.org/docs/messages/module-not-found

Import trace for requested module:
./src/app/investment/rural-oz-boat-fund-qof-qozb/page.tsx 
⨯ ./src/components/ui/button.tsx:2:1
Module not found: Can't resolve '@radix-ui/react-slot'
  1 | import * as React from "react"
> 2 | import { Slot } from "@radix-ui/react-slot"
    | ^
  3 | import { cva, type VariantProps } from "class-variance-authority"
  4 | import { cn } from "@/lib/utils"
  5 |

https://nextjs.org/docs/messages/module-not-found

Import trace for requested module:
./src/app/about/page.tsx
[browser] ./src/components/ui/button.tsx:2:1
Module not found: Can't resolve '@radix-ui/react-slot'
  1 | import * as React from "react"
> 2 | import { Slot } from "@radix-ui/react-slot"
    | ^
  3 | import { cva, type VariantProps } from "class-variance-authority"
  4 | import { cn } from "@/lib/utils"
  5 |

https://nextjs.org/docs/messages/module-not-found

Import trace for requested module:
./src/app/about/page.tsx 
⚠ Fast Refresh had to perform a full reload due to a runtime error.
⚠ Fast Refresh had to perform a full reload due to a runtime error.
 GET / 200 in 590ms (next.js: 313ms, application-code: 277ms)
⚠ Fast Refresh had to perform a full reload due to a runtime error.
 GET / 200 in 54ms (next.js: 1693µs, application-code: 52ms)
 GET / 200 in 20ms (next.js: 2ms, application-code: 17ms)
 GET / 200 in 16ms (next.js: 1760µs, application-code: 14ms)
 GET / 200 in 26ms (next.js: 3ms, application-code: 23ms)
 GET / 200 in 15ms (next.js: 2ms, application-code: 13ms)
 GET / 200 in 34ms (next.js: 3ms, application-code: 31ms)
 GET /products 200 in 23ms (next.js: 9ms, application-code: 14ms)
 GET / 200 in 10ms (next.js: 2ms, application-code: 7ms)
 GET / 200 in 17ms (next.js: 1703µs, application-code: 16ms)
 GET / 200 in 30ms (next.js: 3ms, application-code: 27ms)
 GET / 200 in 14ms (next.js: 1880µs, application-code: 12ms)
 GET / 200 in 74ms (next.js: 48ms, application-code: 26ms)
 GET / 200 in 145ms (next.js: 1880µs, application-code: 143ms)
 GET / 200 in 36ms (next.js: 4ms, application-code: 32ms)
 GET / 200 in 26ms (next.js: 3ms, application-code: 23ms)
 GET / 200 in 100ms (next.js: 61ms, application-code: 39ms)
 GET / 200 in 99ms (next.js: 66ms, application-code: 33ms)
 GET / 200 in 159ms (next.js: 1784µs, application-code: 158ms)
 GET / 200 in 77ms (next.js: 46ms, application-code: 31ms)
 GET / 200 in 182ms (next.js: 3ms, application-code: 179ms)
 GET /about 200 in 1002ms (next.js: 966ms, application-code: 36ms)
 GET /about 200 in 22ms (next.js: 1867µs, application-code: 20ms)
 GET /about 200 in 15ms (next.js: 1898µs, application-code: 13ms)
 GET /products 200 in 29ms (next.js: 8ms, application-code: 21ms)
 GET / 200 in 25ms (next.js: 7ms, application-code: 18ms)
 GET / 200 in 21ms (next.js: 3ms, application-code: 18ms)
 GET / 200 in 127ms (next.js: 86ms, application-code: 40ms)
 GET / 200 in 16ms (next.js: 1743µs, application-code: 14ms)
 GET / 200 in 20ms (next.js: 3ms, application-code: 17ms)
 GET / 200 in 15ms (next.js: 1577µs, application-code: 13ms)
 GET / 200 in 22ms (next.js: 1644µs, application-code: 21ms)
 GET /products/studio-hq 200 in 815ms (next.js: 774ms, application-code: 41ms)
 GET / 200 in 27ms (next.js: 9ms, application-code: 18ms)
 GET / 200 in 176ms (next.js: 2ms, application-code: 174ms)
 GET / 200 in 38ms (next.js: 1719µs, application-code: 36ms)
 GET / 200 in 37ms (next.js: 3ms, application-code: 33ms)
 GET / 200 in 36ms (next.js: 1543µs, application-code: 35ms)
 GET / 200 in 31ms (next.js: 1913µs, application-code: 29ms)
 GET / 200 in 35ms (next.js: 1525µs, application-code: 34ms)
 GET / 200 in 31ms (next.js: 2ms, application-code: 29ms)
 GET /products/medical 200 in 39ms (next.js: 10ms, application-code: 29ms)
 GET /products 200 in 31ms (next.js: 8ms, application-code: 23ms)
 GET /investment/rural-oz-boat-fund-qof-qozb 200 in 977ms (next.js: 935ms, application-code: 43ms)
 GET /investment/rural-oz-boat-fund-qof-qozb 200 in 29ms (next.js: 1522µs, application-code: 27ms)
 GET /licensing 200 in 544ms (next.js: 506ms, application-code: 38ms)
 GET /products 200 in 33ms (next.js: 10ms, application-code: 23ms)
 GET /contact 404 in 808ms (next.js: 754ms, application-code: 54ms)
 GET /contact 404 in 108ms (next.js: 2ms, application-code: 106ms)
 GET /contact 404 in 85ms (next.js: 1516µs, application-code: 84ms)
 GET /licensing 200 in 127ms (next.js: 8ms, application-code: 119ms)
 GET /about 200 in 28ms (next.js: 7ms, application-code: 21ms)
 GET /about 200 in 110ms (next.js: 70ms, application-code: 39ms)
 GET /about 200 in 81ms (next.js: 50ms, application-code: 31ms)
 GET /about 200 in 28ms (next.js: 3ms, application-code: 24ms)
 GET /about 200 in 38ms (next.js: 3ms, application-code: 35ms)
 GET /about 200 in 35ms (next.js: 3ms, application-code: 33ms)
 GET /about 200 in 15ms (next.js: 1915µs, application-code: 13ms)
 GET / 200 in 796ms (next.js: 764ms, application-code: 33ms)
 GET / 200 in 21ms (next.js: 1791µs, application-code: 19ms)
 GET / 200 in 23ms (next.js: 2ms, application-code: 21ms)
 GET / 200 in 17ms (next.js: 1558µs, application-code: 16ms)
 GET / 200 in 15ms (next.js: 1793µs, application-code: 13ms)
 GET / 200 in 24ms (next.js: 2ms, application-code: 21ms)
 GET /investment/rural-oz-boat-fund-qof-qozb 200 in 38ms (next.js: 12ms, application-code: 26ms)
 GET /investment/rural-oz-boat-fund-qof-qozb 200 in 17ms (next.js: 2ms, application-code: 15ms)
 GET /investment/rural-oz-boat-fund-qof-qozb 200 in 17ms (next.js: 2ms, application-code: 15ms)
 GET /products 200 in 24ms (next.js: 8ms, application-code: 16ms)
 GET /products 200 in 132ms (next.js: 91ms, application-code: 41ms)
 GET /about 200 in 514ms (next.js: 471ms, application-code: 43ms)
 GET / 200 in 21ms (next.js: 7ms, application-code: 14ms)
 GET / 200 in 54ms (next.js: 35ms, application-code: 19ms)
 GET /products 200 in 33ms (next.js: 11ms, application-code: 22ms)
 GET /products 200 in 54ms (next.js: 33ms, application-code: 21ms)
 GET /products 200 in 170ms (next.js: 5ms, application-code: 165ms)
 GET / 200 in 22ms (next.js: 7ms, application-code: 15ms)
 GET / 200 in 128ms (next.js: 85ms, application-code: 43ms)
 GET / 200 in 102ms (next.js: 71ms, application-code: 31ms)
 GET / 200 in 49ms (next.js: 31ms, application-code: 18ms)
 GET / 200 in 152ms (next.js: 2ms, application-code: 150ms)
 GET /products 200 in 34ms (next.js: 10ms, application-code: 24ms)
 GET /products 200 in 41ms (next.js: 1528µs, application-code: 39ms)
 GET /products 200 in 141ms (next.js: 92ms, application-code: 48ms)
 GET / 200 in 26ms (next.js: 10ms, application-code: 16ms)
 GET / 200 in 75ms (next.js: 48ms, application-code: 26ms)
 GET / 200 in 73ms (next.js: 43ms, application-code: 29ms)
 GET /about 200 in 35ms (next.js: 13ms, application-code: 22ms)
 GET /products 200 in 26ms (next.js: 9ms, application-code: 16ms)
 HEAD / 200 in 103ms (next.js: 3ms, application-code: 100ms)
 GET / 200 in 27ms (next.js: 1715µs, application-code: 25ms)
 GET / 200 in 74ms (next.js: 48ms, application-code: 26ms)
 GET / 200 in 163ms (next.js: 1495µs, application-code: 162ms)
 GET / 200 in 40ms (next.js: 1973µs, application-code: 38ms)
 GET / 200 in 46ms (next.js: 2ms, application-code: 44ms)
 GET / 200 in 40ms (next.js: 1560µs, application-code: 39ms)
 GET / 200 in 75ms (next.js: 47ms, application-code: 28ms)
 GET / 200 in 41ms (next.js: 23ms, application-code: 18ms)
 GET / 200 in 8ms (next.js: 1925µs, application-code: 6ms)
 GET / 200 in 21ms (next.js: 2ms, application-code: 19ms)
 GET / 200 in 169ms (next.js: 2ms, application-code: 167ms)
 GET /products 200 in 23ms (next.js: 7ms, application-code: 16ms)
 GET /products/hotel 200 in 1234ms (next.js: 1190ms, application-code: 44ms)
 GET /products/hotel 200 in 24ms (next.js: 3ms, application-code: 22ms)
 GET / 200 in 25ms (next.js: 8ms, application-code: 17ms)
 GET / 200 in 146ms (next.js: 1426µs, application-code: 145ms)
 GET /products/hotel 200 in 27ms (next.js: 4ms, application-code: 23ms)
 GET /about 200 in 30ms (next.js: 8ms, application-code: 22ms)
 GET / 200 in 21ms (next.js: 2ms, application-code: 19ms)
 GET / 200 in 83ms (next.js: 52ms, application-code: 31ms)
 GET / 200 in 43ms (next.js: 26ms, application-code: 17ms)
 GET / 200 in 45ms (next.js: 28ms, application-code: 17ms)
 GET / 200 in 43ms (next.js: 24ms, application-code: 20ms)
 GET / 200 in 15ms (next.js: 1863µs, application-code: 13ms)
 GET / 200 in 43ms (next.js: 26ms, application-code: 17ms)
 GET / 200 in 44ms (next.js: 26ms, application-code: 19ms)
 GET / 200 in 167ms (next.js: 3ms, application-code: 164ms)
 GET /products 200 in 26ms (next.js: 8ms, application-code: 18ms)
 GET /investment/rural-oz-boat-fund-qof-qozb 200 in 900ms (next.js: 846ms, application-code: 54ms)
 GET /investment/rural-oz-boat-fund-qof-qozb 200 in 25ms (next.js: 1507µs, application-code: 24ms)
 GET /about 200 in 26ms (next.js: 7ms, application-code: 19ms)
 GET / 200 in 24ms (next.js: 8ms, application-code: 16ms)
 GET / 200 in 18ms (next.js: 2ms, application-code: 16ms)
 GET / 200 in 35ms (next.js: 4ms, application-code: 31ms)
 GET / 200 in 157ms (next.js: 3ms, application-code: 154ms)
 GET / 200 in 31ms (next.js: 1706µs, application-code: 29ms)
 GET / 200 in 15ms (next.js: 1801µs, application-code: 13ms)
[?25h
